<?xml version="1.0" encoding="UTF-8"?>
<!-- Generated by org.testng.reporters.JUnitReportReporter -->
<testsuite hostname="DESKTOP-US1CTOQ" failures="0" tests="1" name="com.selenium.automation.HandleAlertsTest" time="27.861" errors="0" timestamp="2023-06-10T00:40:21 IST" skipped="0">
  <testcase classname="com.selenium.automation.HandleAlertsTest" name="handleAlerts" time="27.861"/>
  <system-out/>
</testsuite> <!-- com.selenium.automation.HandleAlertsTest -->
