<?xml version="1.0" encoding="UTF-8"?>
<!-- Generated by org.testng.reporters.JUnitReportReporter -->
<testsuite hostname="DESKTOP-US1CTOQ" failures="0" tests="6" name="com.selenium.automation.testng.HandleAlertsTest" time="29.281" errors="0" timestamp="2023-06-27T13:05:59 IST" skipped="0">
  <testcase classname="com.selenium.automation.testng.HandleAlertsTest" name="navigateToURL" time="5.344"/>
  <system-out/>
  <testcase classname="com.selenium.automation.testng.HandleAlertsTest" name="hoverOverMenu" time="0.261"/>
  <system-out/>
  <testcase classname="com.selenium.automation.testng.HandleAlertsTest" name="selectAlertsOption" time="6.713"/>
  <system-out/>
  <testcase classname="com.selenium.automation.testng.HandleAlertsTest" name="handleSimpleAlert" time="4.336"/>
  <system-out/>
  <testcase classname="com.selenium.automation.testng.HandleAlertsTest" name="handleConfirmationAlert" time="5.310"/>
  <system-out/>
  <testcase classname="com.selenium.automation.testng.HandleAlertsTest" name="handlePromptAlert" time="7.317"/>
  <system-out/>
</testsuite> <!-- com.selenium.automation.testng.HandleAlertsTest -->
